# JRE version: OpenJDK Runtime Environment (17.0.11) (build 17.0.11+0--11852314)
# Java VM: OpenJDK 64-Bit Server VM (17.0.11+0--11852314, mixed mode, tiered, compressed oops, compressed class ptrs, g1 gc, windows-amd64)
GC Precious Log:
 CPUs: 12 total, 12 available
 Memory: 16308M
 Large Page Support: Disabled
 NUMA Support: Disabled
 Compressed Oops: Enabled (Zero based)
 Heap Region Size: 2M
 Heap Min Capacity: 8M
 Heap Initial Capacity: 256M
 Heap Max Capacity: 4G
 Pre-touch: Disabled
 Parallel Workers: 10
 Concurrent Workers: 3
 Concurrent Refinement Workers: 10
 Periodic GC: Disabled
Heap:
 garbage-first heap   total 593920K, used 264685K [0x0000000700000000, 0x0000000800000000)
  region size 2048K, 7 young (14336K), 2 survivors (4096K)
 Metaspace       used 118339K, committed 120000K, reserved 1179648K
  class space    used 16145K, committed 16896K, reserved 1048576K
GC Heap History (20 events):
Event: 2397.959 GC heap before
{Heap before GC invocations=65 (full 0):
 garbage-first heap   total 407552K, used 320471K [0x0000000700000000, 0x0000000800000000)
  region size 2048K, 35 young (71680K), 7 survivors (14336K)
 Metaspace       used 112126K, committed 113536K, reserved 1179648K
  class space    used 15293K, committed 15872K, reserved 1048576K
}
Event: 2397.973 GC heap after
{Heap after GC invocations=66 (full 0):
 garbage-first heap   total 407552K, used 273113K [0x0000000700000000, 0x0000000800000000)
  region size 2048K, 3 young (6144K), 3 survivors (6144K)
 Metaspace       used 112126K, committed 113536K, reserved 1179648K
  class space    used 15293K, committed 15872K, reserved 1048576K
}
Event: 2408.818 GC heap before
{Heap before GC invocations=67 (full 0):
 garbage-first heap   total 540672K, used 379609K [0x0000000700000000, 0x0000000800000000)
  region size 2048K, 35 young (71680K), 3 survivors (6144K)
 Metaspace       used 114589K, committed 116096K, reserved 1179648K
  class space    used 15662K, committed 16320K, reserved 1048576K
}
Event: 2408.840 GC heap after
{Heap after GC invocations=68 (full 0):
 garbage-first heap   total 540672K, used 239972K [0x0000000700000000, 0x0000000800000000)
  region size 2048K, 4 young (8192K), 4 survivors (8192K)
 Metaspace       used 114589K, committed 116096K, reserved 1179648K
  class space    used 15662K, committed 16320K, reserved 1048576K
}
Event: 2409.131 GC heap before
{Heap before GC invocations=68 (full 0):
 garbage-first heap   total 540672K, used 258404K [0x0000000700000000, 0x0000000800000000)
  region size 2048K, 13 young (26624K), 4 survivors (8192K)
 Metaspace       used 114606K, committed 116096K, reserved 1179648K
  class space    used 15665K, committed 16320K, reserved 1048576K
}
Event: 2409.145 GC heap after
{Heap after GC invocations=69 (full 0):
 garbage-first heap   total 540672K, used 211279K [0x0000000700000000, 0x0000000800000000)
  region size 2048K, 2 young (4096K), 2 survivors (4096K)
 Metaspace       used 114606K, committed 116096K, reserved 1179648K
  class space    used 15665K, committed 16320K, reserved 1048576K
}
Event: 2409.709 GC heap before
{Heap before GC invocations=69 (full 0):
 garbage-first heap   total 540672K, used 401743K [0x0000000700000000, 0x0000000800000000)
  region size 2048K, 95 young (194560K), 2 survivors (4096K)
 Metaspace       used 114745K, committed 116288K, reserved 1179648K
  class space    used 15690K, committed 16384K, reserved 1048576K
}
Event: 2409.712 GC heap after
{Heap after GC invocations=70 (full 0):
 garbage-first heap   total 540672K, used 213312K [0x0000000700000000, 0x0000000800000000)
  region size 2048K, 3 young (6144K), 3 survivors (6144K)
 Metaspace       used 114745K, committed 116288K, reserved 1179648K
  class space    used 15690K, committed 16384K, reserved 1048576K
}
Event: 2411.744 GC heap before
{Heap before GC invocations=70 (full 0):
 garbage-first heap   total 540672K, used 383296K [0x0000000700000000, 0x0000000800000000)
  region size 2048K, 54 young (110592K), 3 survivors (6144K)
 Metaspace       used 116862K, committed 118336K, reserved 1179648K
  class space    used 15972K, committed 16640K, reserved 1048576K
}
Event: 2411.754 GC heap after
{Heap after GC invocations=71 (full 0):
 garbage-first heap   total 540672K, used 254905K [0x0000000700000000, 0x0000000800000000)
  region size 2048K, 4 young (8192K), 4 survivors (8192K)
 Metaspace       used 116862K, committed 118336K, reserved 1179648K
  class space    used 15972K, committed 16640K, reserved 1048576K
}
Event: 2412.001 GC heap before
{Heap before GC invocations=71 (full 0):
 garbage-first heap   total 540672K, used 297913K [0x0000000700000000, 0x0000000800000000)
  region size 2048K, 5 young (10240K), 4 survivors (8192K)
 Metaspace       used 116862K, committed 118336K, reserved 1179648K
  class space    used 15972K, committed 16640K, reserved 1048576K
}
Event: 2412.008 GC heap after
{Heap after GC invocations=72 (full 0):
 garbage-first heap   total 540672K, used 256771K [0x0000000700000000, 0x0000000800000000)
  region size 2048K, 4 young (8192K), 4 survivors (8192K)
 Metaspace       used 116862K, committed 118336K, reserved 1179648K
  class space    used 15972K, committed 16640K, reserved 1048576K
}
Event: 2567.282 GC heap before
{Heap before GC invocations=72 (full 0):
 garbage-first heap   total 540672K, used 473859K [0x0000000700000000, 0x0000000800000000)
  region size 2048K, 98 young (200704K), 4 survivors (8192K)
 Metaspace       used 117673K, committed 119232K, reserved 1179648K
  class space    used 16051K, committed 16768K, reserved 1048576K
}
Event: 2567.302 GC heap after
{Heap after GC invocations=73 (full 0):
 garbage-first heap   total 540672K, used 236707K [0x0000000700000000, 0x0000000800000000)
  region size 2048K, 13 young (26624K), 13 survivors (26624K)
 Metaspace       used 117673K, committed 119232K, reserved 1179648K
  class space    used 16051K, committed 16768K, reserved 1048576K
}
Event: 2579.999 GC heap before
{Heap before GC invocations=73 (full 0):
 garbage-first heap   total 540672K, used 437411K [0x0000000700000000, 0x0000000800000000)
  region size 2048K, 93 young (190464K), 13 survivors (26624K)
 Metaspace       used 118127K, committed 119744K, reserved 1179648K
  class space    used 16120K, committed 16832K, reserved 1048576K
}
Event: 2580.032 GC heap after
{Heap after GC invocations=74 (full 0):
 garbage-first heap   total 540672K, used 299541K [0x0000000700000000, 0x0000000800000000)
  region size 2048K, 11 young (22528K), 11 survivors (22528K)
 Metaspace       used 118127K, committed 119744K, reserved 1179648K
  class space    used 16120K, committed 16832K, reserved 1048576K
}
Event: 2751.622 GC heap before
{Heap before GC invocations=75 (full 0):
 garbage-first heap   total 593920K, used 551445K [0x0000000700000000, 0x0000000800000000)
  region size 2048K, 49 young (100352K), 11 survivors (22528K)
 Metaspace       used 118288K, committed 120000K, reserved 1179648K
  class space    used 16142K, committed 16896K, reserved 1048576K
}
Event: 2751.632 GC heap after
{Heap after GC invocations=76 (full 0):
 garbage-first heap   total 593920K, used 260546K [0x0000000700000000, 0x0000000800000000)
  region size 2048K, 3 young (6144K), 3 survivors (6144K)
 Metaspace       used 118288K, committed 120000K, reserved 1179648K
  class space    used 16142K, committed 16896K, reserved 1048576K
}
Event: 2985.300 GC heap before
{Heap before GC invocations=76 (full 0):
 garbage-first heap   total 593920K, used 281026K [0x0000000700000000, 0x0000000800000000)
  region size 2048K, 14 young (28672K), 3 survivors (6144K)
 Metaspace       used 118335K, committed 120000K, reserved 1179648K
  class space    used 16144K, committed 16896K, reserved 1048576K
}
Event: 2985.308 GC heap after
{Heap after GC invocations=77 (full 0):
 garbage-first heap   total 593920K, used 256493K [0x0000000700000000, 0x0000000800000000)
  region size 2048K, 2 young (4096K), 2 survivors (4096K)
 Metaspace       used 118335K, committed 120000K, reserved 1179648K
  class space    used 16144K, committed 16896K, reserved 1048576K
}

