# JRE version: OpenJDK Runtime Environment (17.0.11) (build 17.0.11+0--11852314)
# Java VM: OpenJDK 64-Bit Server VM (17.0.11+0--11852314, mixed mode, tiered, compressed oops, compressed class ptrs, g1 gc, windows-amd64)
GC Precious Log:
 CPUs: 12 total, 12 available
 Memory: 16308M
 Large Page Support: Disabled
 NUMA Support: Disabled
 Compressed Oops: Enabled (Zero based)
 Heap Region Size: 2M
 Heap Min Capacity: 8M
 Heap Initial Capacity: 256M
 Heap Max Capacity: 4G
 Pre-touch: Disabled
 Parallel Workers: 10
 Concurrent Workers: 3
 Concurrent Refinement Workers: 10
 Periodic GC: Disabled
Heap:
 garbage-first heap   total 75776K, used 31053K [0x0000000700000000, 0x0000000800000000)
  region size 2048K, 1 young (2048K), 1 survivors (2048K)
 Metaspace       used 47979K, committed 48448K, reserved 1114112K
  class space    used 6362K, committed 6592K, reserved 1048576K
GC Heap History (20 events):
Event: 1.230 GC heap after
{Heap after GC invocations=2 (full 0):
 garbage-first heap   total 262144K, used 10833K [0x0000000700000000, 0x0000000800000000)
  region size 2048K, 1 young (2048K), 1 survivors (2048K)
 Metaspace       used 11210K, committed 11456K, reserved 1114112K
  class space    used 1168K, committed 1280K, reserved 1048576K
}
Event: 2.413 GC heap before
{Heap before GC invocations=2 (full 0):
 garbage-first heap   total 262144K, used 57937K [0x0000000700000000, 0x0000000800000000)
  region size 2048K, 25 young (51200K), 1 survivors (2048K)
 Metaspace       used 21246K, committed 21504K, reserved 1114112K
  class space    used 2542K, committed 2688K, reserved 1048576K
}
Event: 2.417 GC heap after
{Heap after GC invocations=3 (full 0):
 garbage-first heap   total 262144K, used 18563K [0x0000000700000000, 0x0000000800000000)
  region size 2048K, 5 young (10240K), 5 survivors (10240K)
 Metaspace       used 21246K, committed 21504K, reserved 1114112K
  class space    used 2542K, committed 2688K, reserved 1048576K
}
Event: 3.063 GC heap before
{Heap before GC invocations=4 (full 0):
 garbage-first heap   total 75776K, used 57475K [0x0000000700000000, 0x0000000800000000)
  region size 2048K, 25 young (51200K), 5 survivors (10240K)
 Metaspace       used 28031K, committed 28288K, reserved 1114112K
  class space    used 3701K, committed 3840K, reserved 1048576K
}
Event: 3.069 GC heap after
{Heap after GC invocations=5 (full 0):
 garbage-first heap   total 75776K, used 20914K [0x0000000700000000, 0x0000000800000000)
  region size 2048K, 2 young (4096K), 2 survivors (4096K)
 Metaspace       used 28031K, committed 28288K, reserved 1114112K
  class space    used 3701K, committed 3840K, reserved 1048576K
}
Event: 3.514 GC heap before
{Heap before GC invocations=5 (full 0):
 garbage-first heap   total 75776K, used 51634K [0x0000000700000000, 0x0000000800000000)
  region size 2048K, 17 young (34816K), 2 survivors (4096K)
 Metaspace       used 32362K, committed 32704K, reserved 1114112K
  class space    used 4403K, committed 4544K, reserved 1048576K
}
Event: 3.516 GC heap after
{Heap after GC invocations=6 (full 0):
 garbage-first heap   total 75776K, used 22057K [0x0000000700000000, 0x0000000800000000)
  region size 2048K, 2 young (4096K), 2 survivors (4096K)
 Metaspace       used 32362K, committed 32704K, reserved 1114112K
  class space    used 4403K, committed 4544K, reserved 1048576K
}
Event: 3.783 GC heap before
{Heap before GC invocations=6 (full 0):
 garbage-first heap   total 75776K, used 36393K [0x0000000700000000, 0x0000000800000000)
  region size 2048K, 10 young (20480K), 2 survivors (4096K)
 Metaspace       used 35710K, committed 35968K, reserved 1114112K
  class space    used 4769K, committed 4864K, reserved 1048576K
}
Event: 3.787 GC heap after
{Heap after GC invocations=7 (full 0):
 garbage-first heap   total 75776K, used 23948K [0x0000000700000000, 0x0000000800000000)
  region size 2048K, 2 young (4096K), 2 survivors (4096K)
 Metaspace       used 35710K, committed 35968K, reserved 1114112K
  class space    used 4769K, committed 4864K, reserved 1048576K
}
Event: 4.139 GC heap before
{Heap before GC invocations=8 (full 0):
 garbage-first heap   total 75776K, used 52620K [0x0000000700000000, 0x0000000800000000)
  region size 2048K, 17 young (34816K), 2 survivors (4096K)
 Metaspace       used 40040K, committed 40384K, reserved 1114112K
  class space    used 5284K, committed 5440K, reserved 1048576K
}
Event: 4.143 GC heap after
{Heap after GC invocations=9 (full 0):
 garbage-first heap   total 75776K, used 27192K [0x0000000700000000, 0x0000000800000000)
  region size 2048K, 3 young (6144K), 3 survivors (6144K)
 Metaspace       used 40040K, committed 40384K, reserved 1114112K
  class space    used 5284K, committed 5440K, reserved 1048576K
}
Event: 4.168 GC heap before
{Heap before GC invocations=9 (full 0):
 garbage-first heap   total 75776K, used 29240K [0x0000000700000000, 0x0000000800000000)
  region size 2048K, 4 young (8192K), 3 survivors (6144K)
 Metaspace       used 40288K, committed 40640K, reserved 1114112K
  class space    used 5324K, committed 5440K, reserved 1048576K
}
Event: 4.172 GC heap after
{Heap after GC invocations=10 (full 0):
 garbage-first heap   total 75776K, used 27582K [0x0000000700000000, 0x0000000800000000)
  region size 2048K, 1 young (2048K), 1 survivors (2048K)
 Metaspace       used 40288K, committed 40640K, reserved 1114112K
  class space    used 5324K, committed 5440K, reserved 1048576K
}
Event: 4.359 GC heap before
{Heap before GC invocations=10 (full 0):
 garbage-first heap   total 75776K, used 54206K [0x0000000700000000, 0x0000000800000000)
  region size 2048K, 14 young (28672K), 1 survivors (2048K)
 Metaspace       used 41934K, committed 42240K, reserved 1114112K
  class space    used 5458K, committed 5568K, reserved 1048576K
}
Event: 4.361 GC heap after
{Heap after GC invocations=11 (full 0):
 garbage-first heap   total 75776K, used 28901K [0x0000000700000000, 0x0000000800000000)
  region size 2048K, 2 young (4096K), 2 survivors (4096K)
 Metaspace       used 41934K, committed 42240K, reserved 1114112K
  class space    used 5458K, committed 5568K, reserved 1048576K
}
Event: 4.636 GC heap before
{Heap before GC invocations=12 (full 0):
 garbage-first heap   total 75776K, used 53477K [0x0000000700000000, 0x0000000800000000)
  region size 2048K, 15 young (30720K), 2 survivors (4096K)
 Metaspace       used 44278K, committed 44736K, reserved 1114112K
  class space    used 5750K, committed 5952K, reserved 1048576K
}
Event: 4.639 GC heap after
{Heap after GC invocations=13 (full 0):
 garbage-first heap   total 75776K, used 30909K [0x0000000700000000, 0x0000000800000000)
  region size 2048K, 2 young (4096K), 2 survivors (4096K)
 Metaspace       used 44278K, committed 44736K, reserved 1114112K
  class space    used 5750K, committed 5952K, reserved 1048576K
}
Event: 4.682 GC heap before
{Heap before GC invocations=13 (full 0):
 garbage-first heap   total 75776K, used 32957K [0x0000000700000000, 0x0000000800000000)
  region size 2048K, 3 young (6144K), 2 survivors (4096K)
 Metaspace       used 44662K, committed 45056K, reserved 1114112K
  class space    used 5806K, committed 6016K, reserved 1048576K
}
Event: 4.685 GC heap after
{Heap after GC invocations=14 (full 0):
 garbage-first heap   total 75776K, used 29932K [0x0000000700000000, 0x0000000800000000)
  region size 2048K, 1 young (2048K), 1 survivors (2048K)
 Metaspace       used 44662K, committed 45056K, reserved 1114112K
  class space    used 5806K, committed 6016K, reserved 1048576K
}
Event: 5.155 GC heap before
{Heap before GC invocations=14 (full 0):
 garbage-first heap   total 75776K, used 54508K [0x0000000700000000, 0x0000000800000000)
  region size 2048K, 14 young (28672K), 1 survivors (2048K)
 Metaspace       used 47979K, committed 48448K, reserved 1114112K
  class space    used 6362K, committed 6592K, reserved 1048576K
}

